\BOOKMARK [1][-]{section.1}{\376\377\137\025\212\000}{}% 1
\BOOKMARK [1][-]{section.2}{\376\377\166\370\121\163\135\345\117\134\116\016\150\007\121\306\123\026\200\314\146\157}{}% 2
\BOOKMARK [1][-]{section.3}{\376\377\127\372\170\100\151\202\137\365\116\016\230\204\131\007\167\345\213\306}{}% 3
\BOOKMARK [2][-]{subsection.3.1}{\376\377\124\016\221\317\133\120\133\306\170\001\166\204\127\372\147\054\133\232\116\111}{section.3}% 4
\BOOKMARK [2][-]{subsection.3.2}{\376\377\133\211\121\150\152\041\127\213\116\016\145\114\142\113\117\030\122\277}{section.3}% 5
\BOOKMARK [2][-]{subsection.3.3}{\376\377\150\074\133\306\170\001\116\016\000\040\000L\000W\000E\000\040\127\372\147\054\137\142\137\017}{section.3}% 6
\BOOKMARK [2][-]{subsection.3.4}{\376\377\133\306\170\001\133\146\163\257\130\203\171\072\117\213}{section.3}% 7
\BOOKMARK [1][-]{section.4}{\376\377\121\170\127\213\145\271\150\110\122\006\147\220}{}% 8
\BOOKMARK [2][-]{subsection.4.1}{\376\377\124\016\221\317\133\120\133\306\170\001\166\204\116\073\211\201\142\200\147\057\215\357\176\277}{section.4}% 9
\BOOKMARK [2][-]{subsection.4.2}{\376\377\000M\000L\000-\000K\000E\000M\000\040\116\016\133\306\224\245\134\001\210\305\155\101\172\013}{section.4}% 10
\BOOKMARK [2][-]{subsection.4.3}{\376\377\000M\000L\000-\000D\000S\000A\000\040\116\016\124\016\221\317\133\120\173\176\124\015}{section.4}% 11
\BOOKMARK [2][-]{subsection.4.4}{\376\377\121\166\116\326\116\343\210\150\140\047\145\271\150\110}{section.4}% 12
\BOOKMARK [1][-]{section.5}{\376\377\124\016\221\317\133\120\133\306\170\001\142\200\147\057\215\357\176\277\116\016\121\170\127\213\155\101\172\013}{}% 13
\BOOKMARK [2][-]{subsection.5.1}{\376\377\000K\000E\000M\000\040\142\275\214\141\155\101\172\013}{section.5}% 14
\BOOKMARK [2][-]{subsection.5.2}{\376\377\142\200\147\057\215\357\176\277\220\011\142\351\220\073\217\221}{section.5}% 15
\BOOKMARK [1][-]{section.6}{\376\377\164\006\213\272\122\006\147\220\116\016\153\324\217\203}{}% 16
\BOOKMARK [1][-]{section.7}{\376\377\133\236\232\214\116\016\176\323\147\234\134\125\171\072}{}% 17
\BOOKMARK [2][-]{subsection.7.1}{\376\377\133\371\153\324\143\007\150\007\213\276\213\241}{section.7}% 18
\BOOKMARK [2][-]{subsection.7.2}{\376\377\145\271\150\110\153\324\217\203\210\150}{section.7}% 19
\BOOKMARK [2][-]{subsection.7.3}{\376\377\176\323\147\234\122\006\147\220}{section.7}% 20
\BOOKMARK [1][-]{section.8}{\376\377\213\250\213\272}{}% 21
\BOOKMARK [1][-]{section.9}{\376\377\176\323\213\272\116\016\147\052\147\145\135\345\117\134}{}% 22
